TN:
SF:src/auth.ts
FN:19,adminAuthRegister
FN:35,(anonymous_2)
FN:73,adminAuthLogin
FN:76,(anonymous_4)
FN:108,adminAuthLogout
FN:111,(anonymous_6)
FN:133,adminUserDetails
FN:159,adminUserDetailsUpdate
FN:168,(anonymous_9)
FN:195,adminUserPasswordUpdate
FNF:10
FNH:10
FNDA:602,adminAuthRegister
FNDA:220,(anonymous_2)
FNDA:24,adminAuthLogin
FNDA:30,(anonymous_4)
FNDA:6,adminAuthLogout
FNDA:6,(anonymous_6)
FNDA:21,adminUserDetails
FNDA:23,adminUserDetailsUpdate
FNDA:52,(anonymous_9)
FNDA:21,adminUserPasswordUpdate
DA:1,1
DA:2,1
DA:3,1
DA:4,1
DA:6,1
DA:7,1
DA:19,1
DA:21,602
DA:22,1
DA:24,601
DA:25,3
DA:27,598
DA:28,6
DA:32,592
DA:34,592
DA:35,220
DA:36,1
DA:41,591
DA:54,591
DA:55,591
DA:57,591
DA:58,591
DA:59,591
DA:61,591
DA:73,1
DA:74,24
DA:76,30
DA:78,24
DA:79,1
DA:84,23
DA:85,13
DA:86,13
DA:87,13
DA:92,10
DA:93,10
DA:95,10
DA:96,10
DA:97,10
DA:98,10
DA:108,1
DA:109,6
DA:111,6
DA:112,6
DA:113,2
DA:116,4
DA:118,4
DA:119,4
DA:133,1
DA:134,21
DA:135,21
DA:137,15
DA:159,1
DA:160,23
DA:161,23
DA:164,22
DA:165,2
DA:168,52
DA:169,20
DA:170,2
DA:173,18
DA:174,16
DA:178,2
DA:179,2
DA:180,2
DA:181,2
DA:182,2
DA:195,1
DA:196,21
DA:197,21
DA:200,20
DA:201,2
DA:205,18
DA:206,2
DA:210,16
DA:211,4
DA:216,12
DA:217,4
DA:221,8
DA:222,8
DA:223,8
DA:225,8
LF:81
LH:81
BRDA:21,0,0,1
BRDA:21,0,1,601
BRDA:24,1,0,3
BRDA:24,1,1,598
BRDA:27,2,0,6
BRDA:27,2,1,592
BRDA:27,3,0,598
BRDA:27,3,1,595
BRDA:34,4,0,161
BRDA:34,4,1,431
BRDA:35,5,0,1
BRDA:35,5,1,160
BRDA:78,6,0,1
BRDA:78,6,1,23
BRDA:84,7,0,13
BRDA:84,7,1,10
BRDA:112,8,0,2
BRDA:112,8,1,4
BRDA:164,9,0,2
BRDA:164,9,1,20
BRDA:169,10,0,2
BRDA:169,10,1,18
BRDA:169,11,0,20
BRDA:169,11,1,20
BRDA:173,12,0,16
BRDA:173,12,1,2
BRDA:173,13,0,18
BRDA:173,13,1,10
BRDA:200,14,0,2
BRDA:200,14,1,18
BRDA:205,15,0,2
BRDA:205,15,1,16
BRDA:210,16,0,4
BRDA:210,16,1,12
BRDA:216,17,0,4
BRDA:216,17,1,8
BRF:36
BRH:36
end_of_record
TN:
SF:src/dataStore.ts
FN:29,storeData
FN:33,retrieveData
FN:58,getData
FN:64,setData
FN:69,getTimers
FNF:5
FNH:5
FNDA:2293,storeData
FNDA:3626,retrieveData
FNDA:3626,getData
FNDA:2293,setData
FNDA:813,getTimers
DA:2,1
DA:5,1
DA:6,1
DA:10,1
DA:30,2293
DA:34,3626
DA:35,3625
DA:38,1
DA:39,0
DA:49,0
DA:50,0
DA:53,1
DA:54,1
DA:58,1
DA:59,3626
DA:60,3626
DA:64,1
DA:65,2293
DA:66,2293
DA:69,1
DA:70,813
LF:21
LH:18
BRDA:34,0,0,3625
BRDA:34,0,1,1
BRDA:38,1,0,0
BRDA:38,1,1,1
BRF:4
BRH:3
end_of_record
TN:
SF:src/helper.ts
FN:58,getAuthUser
FN:59,(anonymous_2)
FN:64,(anonymous_3)
FN:75,getAdminQuiz
FN:76,(anonymous_5)
FN:91,authIsValidPassword
FN:104,(anonymous_7)
FN:113,authIsValidName
FN:128,quizIsNameAlreadyUsedByUser
FN:143,randomColour
FN:158,getRandom
FN:171,validQuestionParams
FN:173,(anonymous_13)
FN:187,(anonymous_14)
FN:215,(anonymous_15)
FN:234,errorCasesForUpdateAndMoveQuestion
FN:236,(anonymous_17)
FN:238,(anonymous_18)
FN:249,(anonymous_19)
FN:261,nameDescriptionErrorCheck
FN:285,getQuizSession
FN:286,(anonymous_22)
FN:301,quizSessionStateLobby
FN:318,quizSessionStateQuestionCountdown
FN:335,quizSessionStateQuestionOpen
FN:352,quizSessionStateQuestionClose
FN:373,quizSessionStateAnswerShow
FN:392,quizSessionStateFinalResults
FN:406,quizSessionNextQuestion
FN:419,(anonymous_30)
FN:420,(anonymous_31)
FN:429,quizSessionSkipCountdown
FN:430,(anonymous_33)
FN:448,(anonymous_34)
FN:449,(anonymous_35)
FN:457,quizSessionCloseQuestion
FN:468,quizSessionEnd
FN:470,(anonymous_38)
FN:481,quizSessionGoToAnswer
FN:487,(anonymous_40)
FN:496,quizSessionGoToFinalResults
FN:508,getRandomCombo
FN:528,getQuizSessionFromPlayerId
FN:529,(anonymous_44)
FN:530,(anonymous_45)
FN:543,validUrl
FN:557,calculatePlayerPoints
FN:568,(anonymous_48)
FN:571,(anonymous_49)
FN:586,checkValidQuestionPosition
FN:595,checkValidAnswerIds
FN:600,(anonymous_52)
FN:622,getQuestionResults
FN:647,getCorrectPlayersList
FN:652,(anonymous_55)
FN:667,getAverageAnswerTime
FN:669,(anonymous_57)
FN:676,(anonymous_58)
FNF:58
FNH:58
FNDA:1886,getAuthUser
FNDA:2074,(anonymous_2)
FNDA:2037,(anonymous_3)
FNDA:1220,getAdminQuiz
FNDA:1294,(anonymous_5)
FNDA:613,authIsValidPassword
FNDA:666,(anonymous_7)
FNDA:1221,authIsValidName
FNDA:502,quizIsNameAlreadyUsedByUser
FNDA:826,randomColour
FNDA:826,getRandom
FNDA:412,validQuestionParams
FNDA:421,(anonymous_13)
FNDA:216,(anonymous_14)
FNDA:847,(anonymous_15)
FNDA:39,errorCasesForUpdateAndMoveQuestion
FNDA:39,(anonymous_17)
FNDA:45,(anonymous_18)
FNDA:33,(anonymous_19)
FNDA:509,nameDescriptionErrorCheck
FNDA:360,getQuizSession
FNDA:397,(anonymous_22)
FNDA:84,quizSessionStateLobby
FNDA:64,quizSessionStateQuestionCountdown
FNDA:34,quizSessionStateQuestionOpen
FNDA:5,quizSessionStateQuestionClose
FNDA:18,quizSessionStateAnswerShow
FNDA:2,quizSessionStateFinalResults
FNDA:87,quizSessionNextQuestion
FNDA:96,(anonymous_30)
FNDA:1,(anonymous_31)
FNDA:62,quizSessionSkipCountdown
FNDA:67,(anonymous_33)
FNDA:67,(anonymous_34)
FNDA:6,(anonymous_35)
FNDA:6,quizSessionCloseQuestion
FNDA:13,quizSessionEnd
FNDA:21,(anonymous_38)
FNDA:33,quizSessionGoToAnswer
FNDA:34,(anonymous_40)
FNDA:7,quizSessionGoToFinalResults
FNDA:2,getRandomCombo
FNDA:72,getQuizSessionFromPlayerId
FNDA:75,(anonymous_44)
FNDA:92,(anonymous_45)
FNDA:307,validUrl
FNDA:38,calculatePlayerPoints
FNDA:23,(anonymous_48)
FNDA:25,(anonymous_49)
FNDA:57,checkValidQuestionPosition
FNDA:28,checkValidAnswerIds
FNDA:37,(anonymous_52)
FNDA:14,getQuestionResults
FNDA:14,getCorrectPlayersList
FNDA:21,(anonymous_55)
FNDA:14,getAverageAnswerTime
FNDA:20,(anonymous_57)
FNDA:20,(anonymous_58)
DA:2,1
DA:3,1
DA:26,1
DA:27,1
DA:29,1
DA:30,1
DA:31,1
DA:32,1
DA:33,1
DA:34,1
DA:35,1
DA:36,1
DA:37,1
DA:38,1
DA:39,1
DA:40,1
DA:41,1
DA:42,1
DA:43,1
DA:44,1
DA:45,1
DA:58,1
DA:59,2074
DA:60,1886
DA:61,47
DA:64,2037
DA:75,1
DA:76,1294
DA:77,1220
DA:78,33
DA:79,1187
DA:80,29
DA:83,1158
DA:91,1
DA:93,613
DA:94,613
DA:96,613
DA:104,1
DA:105,666
DA:113,1
DA:115,1221
DA:117,1221
DA:128,1
DA:129,502
DA:130,502
DA:131,211
DA:132,9
DA:135,493
DA:143,1
DA:144,826
DA:145,826
DA:146,826
DA:147,826
DA:159,826
DA:171,1
DA:172,412
DA:173,421
DA:174,412
DA:175,4
DA:178,408
DA:179,4
DA:182,404
DA:183,8
DA:187,396
DA:188,396
DA:189,16
DA:191,380
DA:194,396
DA:195,4
DA:198,392
DA:199,8
DA:202,384
DA:203,384
DA:204,869
DA:205,6
DA:206,863
DA:207,395
DA:211,378
DA:212,4
DA:215,847
DA:216,374
DA:217,4
DA:220,370
DA:221,295
DA:234,1
DA:236,39
DA:238,45
DA:240,39
DA:241,4
DA:244,35
DA:245,35
DA:246,4
DA:249,33
DA:250,31
DA:251,2
DA:261,1
DA:262,509
DA:263,499
DA:264,6
DA:267,493
DA:268,4
DA:272,499
DA:273,485
DA:274,4
DA:285,1
DA:286,397
DA:287,360
DA:288,2
DA:291,358
DA:301,1
DA:302,84
DA:303,75
DA:304,9
DA:305,7
DA:307,2
DA:318,1
DA:319,64
DA:320,61
DA:321,3
DA:322,2
DA:324,1
DA:335,1
DA:336,34
DA:337,32
DA:338,2
DA:339,1
DA:341,1
DA:352,1
DA:353,5
DA:354,1
DA:355,4
DA:356,1
DA:357,3
DA:358,1
DA:359,2
DA:360,1
DA:362,1
DA:373,1
DA:374,18
DA:375,11
DA:376,7
DA:377,5
DA:378,2
DA:379,1
DA:381,1
DA:392,1
DA:393,2
DA:394,1
DA:396,1
DA:407,87
DA:409,87
DA:410,12
DA:411,12
DA:412,12
DA:413,1
DA:414,1
DA:418,86
DA:419,96
DA:420,86
DA:430,67
DA:431,62
DA:432,62
DA:435,62
DA:436,62
DA:439,62
DA:445,62
DA:447,62
DA:448,67
DA:449,62
DA:458,6
DA:459,6
DA:469,13
DA:470,21
DA:471,13
DA:472,13
DA:482,33
DA:483,32
DA:486,33
DA:487,34
DA:488,33
DA:497,7
DA:498,7
DA:508,1
DA:509,2
DA:510,2
DA:511,2
DA:512,8
DA:513,8
DA:514,8
DA:515,8
DA:517,2
DA:528,1
DA:529,72
DA:530,92
DA:533,72
DA:534,5
DA:537,67
DA:543,1
DA:544,307
DA:545,9
DA:547,298
DA:548,1
DA:559,38
DA:560,38
DA:561,38
DA:564,38
DA:565,38
DA:566,19
DA:568,23
DA:569,19
DA:571,25
DA:572,19
DA:573,19
DA:586,1
DA:587,57
DA:588,57
DA:589,6
DA:592,51
DA:595,1
DA:596,28
DA:598,28
DA:600,37
DA:601,30
DA:602,1
DA:606,29
DA:607,1
DA:609,28
DA:622,1
DA:623,14
DA:625,14
DA:626,14
DA:627,14
DA:629,14
DA:636,14
DA:648,14
DA:651,14
DA:652,21
DA:653,15
DA:655,14
DA:657,14
DA:669,14
DA:670,20
DA:674,14
DA:675,14
DA:676,20
DA:679,14
LF:246
LH:246
BRDA:60,0,0,47
BRDA:60,0,1,1839
BRDA:77,1,0,33
BRDA:77,1,1,1187
BRDA:79,2,0,29
BRDA:79,2,1,1158
BRDA:96,3,0,613
BRDA:96,3,1,610
BRDA:96,3,2,608
BRDA:117,4,0,1221
BRDA:117,4,1,1205
BRDA:117,4,2,1199
BRDA:131,5,0,9
BRDA:131,5,1,202
BRDA:131,6,0,211
BRDA:131,6,1,99
BRDA:174,7,0,4
BRDA:174,7,1,408
BRDA:174,8,0,412
BRDA:174,8,1,410
BRDA:178,9,0,4
BRDA:178,9,1,404
BRDA:182,10,0,8
BRDA:182,10,1,396
BRDA:182,11,0,404
BRDA:182,11,1,400
BRDA:188,12,0,16
BRDA:188,12,1,380
BRDA:194,13,0,4
BRDA:194,13,1,392
BRDA:198,14,0,8
BRDA:198,14,1,384
BRDA:198,15,0,392
BRDA:198,15,1,388
BRDA:204,16,0,6
BRDA:204,16,1,863
BRDA:204,17,0,869
BRDA:204,17,1,865
BRDA:206,18,0,395
BRDA:206,18,1,468
BRDA:211,19,0,4
BRDA:211,19,1,374
BRDA:216,20,0,4
BRDA:216,20,1,370
BRDA:220,21,0,295
BRDA:220,21,1,75
BRDA:240,22,0,4
BRDA:240,22,1,35
BRDA:245,23,0,4
BRDA:245,23,1,31
BRDA:245,24,0,35
BRDA:245,24,1,33
BRDA:250,25,0,2
BRDA:250,25,1,29
BRDA:262,26,0,499
BRDA:262,26,1,10
BRDA:262,27,0,509
BRDA:262,27,1,10
BRDA:263,28,0,6
BRDA:263,28,1,493
BRDA:263,29,0,499
BRDA:263,29,1,495
BRDA:267,30,0,4
BRDA:267,30,1,489
BRDA:272,31,0,485
BRDA:272,31,1,14
BRDA:273,32,0,4
BRDA:273,32,1,481
BRDA:287,33,0,2
BRDA:287,33,1,358
BRDA:302,34,0,75
BRDA:302,34,1,9
BRDA:304,35,0,7
BRDA:304,35,1,2
BRDA:319,36,0,61
BRDA:319,36,1,3
BRDA:321,37,0,2
BRDA:321,37,1,1
BRDA:336,38,0,32
BRDA:336,38,1,2
BRDA:338,39,0,1
BRDA:338,39,1,1
BRDA:353,40,0,1
BRDA:353,40,1,4
BRDA:355,41,0,1
BRDA:355,41,1,3
BRDA:357,42,0,1
BRDA:357,42,1,2
BRDA:359,43,0,1
BRDA:359,43,1,1
BRDA:374,44,0,11
BRDA:374,44,1,7
BRDA:376,45,0,5
BRDA:376,45,1,2
BRDA:378,46,0,1
BRDA:378,46,1,1
BRDA:393,47,0,1
BRDA:393,47,1,1
BRDA:409,48,0,12
BRDA:409,48,1,75
BRDA:412,49,0,1
BRDA:412,49,1,11
BRDA:482,50,0,32
BRDA:482,50,1,1
BRDA:533,51,0,5
BRDA:533,51,1,67
BRDA:544,52,0,9
BRDA:544,52,1,298
BRDA:547,53,0,1
BRDA:547,53,1,297
BRDA:588,54,0,6
BRDA:588,54,1,51
BRDA:601,55,0,1
BRDA:601,55,1,29
BRDA:606,56,0,1
BRDA:606,56,1,28
BRDA:675,57,0,13
BRDA:675,57,1,1
BRF:118
BRH:118
end_of_record
TN:
SF:src/interfaces.ts
FNF:0
FNH:0
DA:10,1
DA:11,1
DA:12,1
DA:13,1
DA:14,1
DA:15,1
DA:16,1
DA:19,1
DA:20,1
DA:21,1
DA:22,1
DA:23,1
LF:12
LH:12
BRF:0
BRH:0
end_of_record
TN:
SF:src/newecho.ts
FN:3,echo
FNF:1
FNH:1
FNDA:2,echo
DA:1,1
DA:4,2
DA:6,1
DA:10,1
DA:15,1
LF:5
LH:5
BRDA:4,0,0,1
BRDA:4,0,1,1
BRF:2
BRH:2
end_of_record
TN:
SF:src/other.ts
FN:11,clear
FNF:1
FNH:1
FNDA:448,clear
DA:1,1
DA:11,1
DA:12,448
DA:13,448
DA:14,146
DA:16,448
DA:18,448
DA:29,448
LF:8
LH:8
BRF:0
BRH:0
end_of_record
TN:
SF:src/player.ts
FN:45,playerJoin
FN:61,(anonymous_3)
FN:65,(anonymous_4)
FN:94,playerStatus
FN:98,(anonymous_6)
FN:120,playerQuestionSubmitAnswer
FN:148,(anonymous_8)
FN:150,(anonymous_9)
FN:154,(anonymous_10)
FN:168,(anonymous_11)
FN:168,(anonymous_12)
FN:185,playerCurrQuestionInfo
FN:208,(anonymous_14)
FN:217,playerQuestionResults
FN:238,playerSendChatMessage
FN:246,(anonymous_17)
FN:263,playerSessionFinalResults
FN:275,(anonymous_19)
FN:280,(anonymous_20)
FN:282,(anonymous_21)
FN:302,playerChatView
FNF:21
FNH:20
FNDA:122,playerJoin
FNDA:0,(anonymous_3)
FNDA:69,(anonymous_4)
FNDA:10,playerStatus
FNDA:12,(anonymous_6)
FNDA:34,playerQuestionSubmitAnswer
FNDA:9,(anonymous_8)
FNDA:2,(anonymous_9)
FNDA:1,(anonymous_10)
FNDA:52,(anonymous_11)
FNDA:28,(anonymous_12)
FNDA:11,playerCurrQuestionInfo
FNDA:10,(anonymous_14)
FNDA:15,playerQuestionResults
FNDA:7,playerSendChatMessage
FNDA:5,(anonymous_17)
FNDA:3,playerSessionFinalResults
FNDA:2,(anonymous_19)
FNDA:1,(anonymous_20)
FNDA:2,(anonymous_21)
FNDA:2,playerChatView
DA:1,1
DA:3,1
DA:12,1
DA:32,1
DA:33,1
DA:35,1
DA:36,1
DA:45,1
DA:46,122
DA:47,122
DA:50,121
DA:51,1
DA:55,120
DA:56,120
DA:57,120
DA:58,1
DA:59,1
DA:60,1
DA:61,1
DA:62,1
DA:65,119
DA:66,1
DA:70,119
DA:71,119
DA:77,119
DA:80,119
DA:81,7
DA:85,119
DA:86,119
DA:94,1
DA:95,10
DA:97,10
DA:98,12
DA:99,9
DA:107,1
DA:120,1
DA:121,34
DA:122,34
DA:125,33
DA:126,33
DA:129,31
DA:130,1
DA:134,30
DA:135,1
DA:139,29
DA:140,1
DA:143,28
DA:144,28
DA:145,26
DA:148,26
DA:149,26
DA:150,2
DA:153,2
DA:154,1
DA:159,26
DA:165,26
DA:168,52
DA:169,26
DA:170,26
DA:171,20
DA:174,26
DA:185,1
DA:186,11
DA:187,11
DA:188,10
DA:189,8
DA:192,8
DA:193,2
DA:194,6
DA:199,1
DA:202,5
DA:208,10
DA:214,5
DA:217,1
DA:218,15
DA:219,15
DA:222,14
DA:223,14
DA:226,12
DA:227,1
DA:231,11
DA:232,1
DA:235,10
DA:238,1
DA:239,7
DA:240,7
DA:242,6
DA:243,2
DA:246,5
DA:248,4
DA:255,4
DA:263,1
DA:264,3
DA:265,3
DA:267,2
DA:268,1
DA:271,1
DA:272,1
DA:275,2
DA:280,1
DA:282,2
DA:284,1
DA:285,2
DA:287,1
DA:292,1
DA:302,1
DA:303,2
DA:304,2
DA:306,2
DA:307,2
DA:308,4
DA:311,2
LF:112
LH:112
BRDA:50,0,0,1
BRDA:50,0,1,120
BRDA:57,1,0,1
BRDA:57,1,1,119
BRDA:61,2,0,1
BRDA:61,2,1,0
BRDA:65,3,0,1
BRDA:65,3,1,118
BRDA:80,4,0,7
BRDA:80,4,1,112
BRDA:98,5,0,9
BRDA:98,5,1,2
BRDA:129,6,0,1
BRDA:129,6,1,30
BRDA:134,7,0,1
BRDA:134,7,1,29
BRDA:139,8,0,1
BRDA:139,8,1,28
BRDA:149,9,0,2
BRDA:149,9,1,24
BRDA:153,10,0,1
BRDA:153,10,1,1
BRDA:170,11,0,20
BRDA:170,11,1,6
BRDA:192,12,0,2
BRDA:192,12,1,6
BRDA:194,13,0,1
BRDA:194,13,1,5
BRDA:195,14,0,6
BRDA:195,14,1,6
BRDA:195,14,2,6
BRDA:195,14,3,5
BRDA:226,15,0,1
BRDA:226,15,1,11
BRDA:231,16,0,1
BRDA:231,16,1,10
BRDA:242,17,0,2
BRDA:242,17,1,4
BRDA:242,18,0,6
BRDA:242,18,1,5
BRDA:267,19,0,1
BRDA:267,19,1,1
BRF:42
BRH:41
end_of_record
TN:
SF:src/quiz.ts
FN:61,adminQuizList
FN:69,(anonymous_3)
FN:70,(anonymous_4)
FN:86,adminQuizCreate
FN:130,adminQuizRemove
FN:137,(anonymous_7)
FN:147,(anonymous_8)
FN:149,(anonymous_9)
FN:172,adminQuizInfo
FN:178,(anonymous_11)
FN:184,(anonymous_12)
FN:226,adminQuizNameUpdate
FN:262,adminQuizDescriptionUpdate
FN:286,adminQuizTrashView
FN:291,(anonymous_16)
FN:305,adminQuizTrashRestore
FN:309,(anonymous_18)
FN:311,(anonymous_19)
FN:328,(anonymous_20)
FN:341,adminQuizTrashEmpty
FN:347,(anonymous_22)
FN:353,(anonymous_23)
FN:360,(anonymous_24)
FN:376,adminQuizTransfer
FN:381,(anonymous_26)
FN:397,(anonymous_27)
FN:405,(anonymous_28)
FN:408,(anonymous_29)
FN:434,adminQuizQuestionCreate
FN:444,(anonymous_31)
FN:479,adminQuizQuestionUpdate
FN:492,(anonymous_33)
FN:499,(anonymous_34)
FN:524,adminQuizQuestionDelete
FN:530,(anonymous_36)
FN:538,(anonymous_37)
FN:546,(anonymous_38)
FN:548,(anonymous_39)
FN:565,adminQuizQuestionMove
FN:572,(anonymous_41)
FN:589,adminQuizQuestionDuplicate
FN:595,(anonymous_43)
FN:615,(anonymous_44)
FN:620,(anonymous_45)
FN:637,adminQuizSessionStart
FN:643,(anonymous_47)
FN:657,(anonymous_48)
FN:708,adminQuizSessionStateUpdate
FN:748,adminQuizSessionStatus
FN:758,(anonymous_51)
FN:777,adminQuizSessionView
FN:786,(anonymous_53)
FN:795,(anonymous_54)
FN:796,(anonymous_55)
FN:809,adminQuizSessionFinalResults
FN:827,(anonymous_57)
FN:832,(anonymous_58)
FN:834,(anonymous_59)
FN:854,adminQuizThumbnailUpdate
FNF:59
FNH:59
FNDA:37,adminQuizList
FNDA:44,(anonymous_3)
FNDA:89,(anonymous_4)
FNDA:484,adminQuizCreate
FNDA:68,adminQuizRemove
FNDA:1,(anonymous_7)
FNDA:112,(anonymous_8)
FNDA:90,(anonymous_9)
FNDA:235,adminQuizInfo
FNDA:341,(anonymous_11)
FNDA:688,(anonymous_12)
FNDA:21,adminQuizNameUpdate
FNDA:12,adminQuizDescriptionUpdate
FNDA:20,adminQuizTrashView
FNDA:17,(anonymous_16)
FNDA:15,adminQuizTrashRestore
FNDA:14,(anonymous_18)
FNDA:4,(anonymous_19)
FNDA:6,(anonymous_20)
FNDA:14,adminQuizTrashEmpty
FNDA:5,(anonymous_22)
FNDA:25,(anonymous_23)
FNDA:18,(anonymous_24)
FNDA:21,adminQuizTransfer
FNDA:32,(anonymous_26)
FNDA:1,(anonymous_27)
FNDA:10,(anonymous_28)
FNDA:8,(anonymous_29)
FNDA:391,adminQuizQuestionCreate
FNDA:820,(anonymous_31)
FNDA:33,adminQuizQuestionUpdate
FNDA:6,(anonymous_33)
FNDA:2,(anonymous_34)
FNDA:20,adminQuizQuestionDelete
FNDA:14,(anonymous_36)
FNDA:1,(anonymous_37)
FNDA:13,(anonymous_38)
FNDA:13,(anonymous_39)
FNDA:16,adminQuizQuestionMove
FNDA:5,(anonymous_41)
FNDA:12,adminQuizQuestionDuplicate
FNDA:7,(anonymous_43)
FNDA:6,(anonymous_44)
FNDA:3,(anonymous_45)
FNDA:153,adminQuizSessionStart
FNDA:1,(anonymous_47)
FNDA:294,(anonymous_48)
FNDA:212,adminQuizSessionStateUpdate
FNDA:31,adminQuizSessionStatus
FNDA:14,(anonymous_51)
FNDA:6,adminQuizSessionView
FNDA:30,(anonymous_53)
FNDA:5,(anonymous_54)
FNDA:3,(anonymous_55)
FNDA:6,adminQuizSessionFinalResults
FNDA:2,(anonymous_57)
FNDA:1,(anonymous_58)
FNDA:2,(anonymous_59)
FNDA:14,adminQuizThumbnailUpdate
DA:1,1
DA:3,1
DA:22,1
DA:47,1
DA:49,1
DA:50,1
DA:51,1
DA:61,1
DA:62,37
DA:63,37
DA:65,33
DA:69,33
DA:70,89
DA:71,44
DA:74,33
DA:86,1
DA:87,484
DA:88,484
DA:89,483
DA:91,475
DA:92,2
DA:96,473
DA:112,473
DA:113,473
DA:114,473
DA:115,473
DA:117,473
DA:130,1
DA:131,68
DA:132,68
DA:133,67
DA:135,63
DA:136,51
DA:137,1
DA:138,1
DA:139,1
DA:144,62
DA:145,62
DA:147,112
DA:149,90
DA:150,62
DA:152,62
DA:172,1
DA:173,235
DA:174,235
DA:175,226
DA:178,212
DA:179,341
DA:184,688
DA:192,341
DA:193,333
DA:195,341
DA:200,212
DA:210,212
DA:211,5
DA:214,212
DA:226,1
DA:227,21
DA:228,21
DA:229,20
DA:232,16
DA:235,12
DA:236,2
DA:240,10
DA:241,3
DA:245,7
DA:247,7
DA:248,7
DA:250,7
DA:262,1
DA:263,12
DA:264,12
DA:267,10
DA:269,8
DA:272,4
DA:273,4
DA:274,4
DA:275,4
DA:286,1
DA:287,20
DA:288,20
DA:291,19
DA:293,19
DA:305,1
DA:306,15
DA:307,15
DA:309,14
DA:310,13
DA:311,7
DA:312,7
DA:313,3
DA:314,4
DA:315,2
DA:317,2
DA:321,6
DA:322,2
DA:326,4
DA:327,4
DA:328,6
DA:329,4
DA:330,4
DA:341,1
DA:342,14
DA:343,14
DA:345,11
DA:347,20
DA:348,20
DA:349,2
DA:353,25
DA:354,2
DA:359,7
DA:360,18
DA:363,7
DA:364,7
DA:376,1
DA:377,21
DA:378,21
DA:379,19
DA:381,32
DA:382,15
DA:383,2
DA:386,13
DA:387,2
DA:390,11
DA:391,2
DA:395,9
DA:396,5
DA:397,1
DA:398,1
DA:399,1
DA:405,10
DA:408,8
DA:411,8
DA:414,8
DA:417,8
DA:419,8
DA:420,8
DA:434,1
DA:435,391
DA:436,391
DA:437,390
DA:439,386
DA:441,386
DA:443,365
DA:444,820
DA:451,365
DA:462,365
DA:463,365
DA:464,365
DA:465,365
DA:466,365
DA:467,365
DA:479,1
DA:480,33
DA:481,33
DA:482,32
DA:484,28
DA:486,26
DA:488,26
DA:490,2
DA:491,2
DA:492,6
DA:499,2
DA:500,2
DA:502,2
DA:503,2
DA:504,2
DA:505,2
DA:506,2
DA:507,2
DA:508,2
DA:509,2
DA:511,2
DA:512,2
DA:524,1
DA:525,20
DA:526,20
DA:527,17
DA:530,14
DA:531,12
DA:532,2
DA:536,10
DA:537,9
DA:538,1
DA:539,1
DA:540,1
DA:546,13
DA:547,9
DA:548,13
DA:549,9
DA:551,9
DA:552,9
DA:565,1
DA:566,16
DA:567,16
DA:568,15
DA:570,11
DA:572,5
DA:573,3
DA:574,3
DA:575,3
DA:576,3
DA:577,3
DA:589,1
DA:590,12
DA:591,12
DA:592,11
DA:595,7
DA:596,7
DA:597,2
DA:602,5
DA:604,5
DA:605,2
DA:608,3
DA:609,3
DA:610,3
DA:611,3
DA:612,3
DA:613,3
DA:615,3
DA:616,6
DA:617,6
DA:620,3
DA:621,3
DA:623,3
DA:625,3
DA:637,1
DA:638,153
DA:639,153
DA:640,153
DA:643,152
DA:644,1
DA:647,151
DA:650,149
DA:651,1
DA:655,148
DA:656,148
DA:657,294
DA:658,105
DA:659,105
DA:662,148
DA:663,1
DA:667,147
DA:668,1
DA:672,146
DA:673,146
DA:684,146
DA:685,146
DA:688,146
DA:692,146
DA:694,146
DA:695,146
DA:708,1
DA:709,212
DA:710,212
DA:711,212
DA:712,211
DA:715,209
DA:716,1
DA:718,208
DA:720,208
DA:721,84
DA:722,124
DA:723,64
DA:724,60
DA:725,34
DA:726,26
DA:727,5
DA:728,21
DA:729,18
DA:730,3
DA:731,2
DA:732,1
DA:733,1
DA:736,200
DA:748,1
DA:749,31
DA:750,31
DA:751,30
DA:753,28
DA:754,1
DA:756,27
DA:758,27
DA:759,27
DA:761,27
DA:768,27
DA:777,1
DA:778,6
DA:779,6
DA:780,5
DA:782,3
DA:783,3
DA:785,3
DA:786,30
DA:787,12
DA:788,5
DA:790,7
DA:794,3
DA:795,5
DA:796,3
DA:799,3
DA:809,1
DA:810,6
DA:811,6
DA:812,5
DA:813,3
DA:815,2
DA:816,0
DA:819,2
DA:820,1
DA:823,1
DA:824,1
DA:827,2
DA:832,1
DA:834,2
DA:836,1
DA:837,2
DA:839,1
DA:844,1
DA:854,1
DA:855,14
DA:856,14
DA:857,13
DA:859,12
DA:861,5
DA:863,5
DA:864,5
LF:327
LH:326
BRDA:91,0,0,2
BRDA:91,0,1,473
BRDA:135,1,0,51
BRDA:135,1,1,12
BRDA:138,2,0,1
BRDA:138,2,1,0
BRDA:192,3,0,333
BRDA:192,3,1,8
BRDA:192,4,0,341
BRDA:192,4,1,333
BRDA:210,5,0,5
BRDA:210,5,1,207
BRDA:210,6,0,212
BRDA:210,6,1,204
BRDA:235,7,0,2
BRDA:235,7,1,10
BRDA:240,8,0,3
BRDA:240,8,1,7
BRDA:310,9,0,7
BRDA:310,9,1,6
BRDA:312,10,0,3
BRDA:312,10,1,4
BRDA:314,11,0,2
BRDA:314,11,1,2
BRDA:321,12,0,2
BRDA:321,12,1,4
BRDA:348,13,0,2
BRDA:348,13,1,18
BRDA:353,14,0,2
BRDA:353,14,1,16
BRDA:382,15,0,2
BRDA:382,15,1,13
BRDA:386,16,0,2
BRDA:386,16,1,11
BRDA:390,17,0,2
BRDA:390,17,1,9
BRDA:395,18,0,5
BRDA:395,18,1,4
BRDA:398,19,0,1
BRDA:398,19,1,0
BRDA:531,20,0,2
BRDA:531,20,1,10
BRDA:536,21,0,9
BRDA:536,21,1,1
BRDA:539,22,0,1
BRDA:539,22,1,0
BRDA:596,23,0,2
BRDA:596,23,1,5
BRDA:604,24,0,2
BRDA:604,24,1,3
BRDA:643,25,0,1
BRDA:643,25,1,151
BRDA:650,26,0,1
BRDA:650,26,1,148
BRDA:658,27,0,105
BRDA:658,27,1,0
BRDA:662,28,0,1
BRDA:662,28,1,147
BRDA:667,29,0,1
BRDA:667,29,1,146
BRDA:715,30,0,1
BRDA:715,30,1,208
BRDA:720,31,0,84
BRDA:720,31,1,124
BRDA:722,32,0,64
BRDA:722,32,1,60
BRDA:724,33,0,34
BRDA:724,33,1,26
BRDA:726,34,0,5
BRDA:726,34,1,21
BRDA:728,35,0,18
BRDA:728,35,1,3
BRDA:730,36,0,2
BRDA:730,36,1,1
BRDA:732,37,0,1
BRDA:732,37,1,0
BRDA:753,38,0,1
BRDA:753,38,1,27
BRDA:787,39,0,5
BRDA:787,39,1,7
BRDA:815,40,0,0
BRDA:815,40,1,2
BRDA:819,41,0,1
BRDA:819,41,1,1
BRF:84
BRH:78
end_of_record
TN:
SF:src/server.ts
FN:69,(anonymous_7)
FN:83,(anonymous_8)
FN:90,(anonymous_9)
FN:97,(anonymous_10)
FN:105,(anonymous_11)
FN:113,(anonymous_12)
FN:120,(anonymous_13)
FN:128,(anonymous_14)
FN:137,(anonymous_15)
FN:144,(anonymous_16)
FN:153,(anonymous_17)
FN:162,(anonymous_18)
FN:171,(anonymous_19)
FN:179,(anonymous_20)
FN:187,(anonymous_21)
FN:197,(anonymous_22)
FN:206,(anonymous_23)
FN:216,(anonymous_24)
FN:226,(anonymous_25)
FN:236,(anonymous_26)
FN:250,(anonymous_27)
FN:256,(anonymous_28)
FN:262,(anonymous_29)
FN:269,(anonymous_30)
FN:274,(anonymous_31)
FN:279,(anonymous_32)
FN:286,(anonymous_33)
FN:293,(anonymous_34)
FN:301,(anonymous_35)
FN:308,(anonymous_36)
FN:315,(anonymous_37)
FN:324,(anonymous_38)
FN:331,(anonymous_39)
FN:340,(anonymous_40)
FN:349,(anonymous_41)
FN:357,(anonymous_42)
FN:365,(anonymous_43)
FN:373,(anonymous_44)
FN:382,(anonymous_45)
FN:390,(anonymous_46)
FN:399,(anonymous_47)
FN:409,(anonymous_48)
FN:418,(anonymous_49)
FN:427,(anonymous_50)
FN:436,(anonymous_51)
FN:446,(anonymous_52)
FN:455,(anonymous_53)
FN:463,(anonymous_54)
FN:470,(anonymous_55)
FN:477,(anonymous_56)
FN:484,(anonymous_57)
FN:493,(anonymous_58)
FN:502,(anonymous_59)
FN:511,(anonymous_60)
FN:519,(anonymous_61)
FN:527,(anonymous_62)
FN:534,(anonymous_63)
FN:545,(anonymous_64)
FN:564,(anonymous_65)
FN:570,(anonymous_66)
FN:571,(anonymous_67)
FNF:61
FNH:59
FNDA:0,(anonymous_7)
FNDA:4,(anonymous_8)
FNDA:8,(anonymous_9)
FNDA:12,(anonymous_10)
FNDA:15,(anonymous_11)
FNDA:26,(anonymous_12)
FNDA:353,(anonymous_13)
FNDA:54,(anonymous_14)
FNDA:16,(anonymous_15)
FNDA:71,(anonymous_16)
FNDA:14,(anonymous_17)
FNDA:7,(anonymous_18)
FNDA:10,(anonymous_19)
FNDA:10,(anonymous_20)
FNDA:11,(anonymous_21)
FNDA:306,(anonymous_22)
FNDA:17,(anonymous_23)
FNDA:9,(anonymous_24)
FNDA:15,(anonymous_25)
FNDA:7,(anonymous_26)
FNDA:2,(anonymous_27)
FNDA:448,(anonymous_28)
FNDA:602,(anonymous_29)
FNDA:24,(anonymous_30)
FNDA:2,(anonymous_31)
FNDA:13,(anonymous_32)
FNDA:11,(anonymous_33)
FNDA:6,(anonymous_34)
FNDA:11,(anonymous_35)
FNDA:131,(anonymous_36)
FNDA:14,(anonymous_37)
FNDA:4,(anonymous_38)
FNDA:18,(anonymous_39)
FNDA:7,(anonymous_40)
FNDA:5,(anonymous_41)
FNDA:5,(anonymous_42)
FNDA:4,(anonymous_43)
FNDA:10,(anonymous_44)
FNDA:85,(anonymous_45)
FNDA:16,(anonymous_46)
FNDA:5,(anonymous_47)
FNDA:7,(anonymous_48)
FNDA:5,(anonymous_49)
FNDA:153,(anonymous_50)
FNDA:205,(anonymous_51)
FNDA:31,(anonymous_52)
FNDA:6,(anonymous_53)
FNDA:122,(anonymous_54)
FNDA:11,(anonymous_55)
FNDA:10,(anonymous_56)
FNDA:34,(anonymous_57)
FNDA:6,(anonymous_58)
FNDA:14,(anonymous_59)
FNDA:15,(anonymous_60)
FNDA:7,(anonymous_61)
FNDA:3,(anonymous_62)
FNDA:2,(anonymous_63)
FNDA:0,(anonymous_64)
FNDA:1,(anonymous_65)
FNDA:1,(anonymous_66)
FNDA:1,(anonymous_67)
DA:1,1
DA:2,1
DA:3,1
DA:4,1
DA:5,1
DA:6,1
DA:7,1
DA:8,1
DA:9,1
DA:10,1
DA:11,1
DA:13,1
DA:22,1
DA:46,1
DA:48,1
DA:60,1
DA:62,1
DA:64,1
DA:66,1
DA:68,1
DA:69,1
DA:70,1
DA:72,1
DA:73,1
DA:83,1
DA:84,4
DA:86,4
DA:87,2
DA:90,1
DA:91,8
DA:93,8
DA:94,6
DA:97,1
DA:98,12
DA:99,12
DA:101,12
DA:102,1
DA:105,1
DA:106,15
DA:107,15
DA:109,15
DA:110,6
DA:113,1
DA:114,26
DA:116,26
DA:117,25
DA:120,1
DA:121,353
DA:122,353
DA:124,353
DA:125,347
DA:128,1
DA:129,54
DA:130,54
DA:131,54
DA:133,54
DA:134,50
DA:137,1
DA:138,16
DA:140,16
DA:141,15
DA:144,1
DA:145,71
DA:146,71
DA:147,71
DA:149,71
DA:150,58
DA:153,1
DA:154,14
DA:155,14
DA:156,14
DA:158,14
DA:159,7
DA:162,1
DA:163,7
DA:164,7
DA:165,7
DA:167,7
DA:168,3
DA:171,1
DA:172,10
DA:173,10
DA:175,10
DA:176,3
DA:179,1
DA:180,10
DA:181,10
DA:183,10
DA:184,6
DA:187,1
DA:188,11
DA:189,11
DA:190,11
DA:191,11
DA:193,11
DA:194,4
DA:197,1
DA:198,306
DA:199,306
DA:200,306
DA:202,306
DA:203,291
DA:206,1
DA:207,17
DA:208,17
DA:209,17
DA:210,17
DA:212,17
DA:213,1
DA:216,1
DA:217,9
DA:218,9
DA:219,9
DA:220,9
DA:222,9
DA:223,2
DA:226,1
DA:227,15
DA:228,15
DA:229,15
DA:230,15
DA:232,15
DA:233,8
DA:236,1
DA:237,7
DA:238,7
DA:239,7
DA:241,7
DA:242,2
DA:250,1
DA:251,2
DA:252,2
DA:256,1
DA:257,448
DA:258,448
DA:262,1
DA:263,602
DA:265,602
DA:266,591
DA:269,1
DA:270,24
DA:271,10
DA:274,1
DA:275,2
DA:276,2
DA:279,1
DA:280,13
DA:282,13
DA:283,9
DA:286,1
DA:287,11
DA:289,11
DA:290,1
DA:293,1
DA:294,6
DA:296,6
DA:297,2
DA:301,1
DA:302,11
DA:304,11
DA:305,8
DA:308,1
DA:309,131
DA:311,131
DA:312,126
DA:315,1
DA:316,14
DA:317,14
DA:318,14
DA:320,14
DA:321,12
DA:324,1
DA:325,4
DA:327,4
DA:328,4
DA:331,1
DA:332,18
DA:333,18
DA:334,18
DA:336,18
DA:337,8
DA:340,1
DA:341,7
DA:342,7
DA:343,7
DA:345,7
DA:346,2
DA:349,1
DA:350,5
DA:351,5
DA:353,5
DA:354,1
DA:357,1
DA:358,5
DA:359,5
DA:361,5
DA:362,1
DA:365,1
DA:366,4
DA:367,4
DA:369,4
DA:370,1
DA:373,1
DA:374,10
DA:375,10
DA:376,10
DA:378,10
DA:379,4
DA:382,1
DA:383,85
DA:384,85
DA:386,85
DA:387,74
DA:390,1
DA:391,16
DA:392,16
DA:393,16
DA:395,16
DA:396,1
DA:399,1
DA:400,5
DA:401,5
DA:402,5
DA:403,5
DA:405,5
DA:406,1
DA:409,1
DA:410,7
DA:411,7
DA:412,7
DA:414,7
DA:415,1
DA:418,1
DA:419,5
DA:420,5
DA:421,5
DA:423,5
DA:424,1
DA:427,1
DA:428,153
DA:429,153
DA:430,153
DA:432,153
DA:433,146
DA:436,1
DA:437,205
DA:438,205
DA:439,205
DA:440,205
DA:442,205
DA:443,193
DA:446,1
DA:447,31
DA:448,31
DA:449,31
DA:451,31
DA:452,27
DA:455,1
DA:456,6
DA:457,6
DA:459,6
DA:460,3
DA:463,1
DA:464,122
DA:466,122
DA:467,119
DA:470,1
DA:471,11
DA:472,11
DA:473,11
DA:474,5
DA:477,1
DA:478,10
DA:480,10
DA:481,9
DA:484,1
DA:485,34
DA:486,34
DA:487,34
DA:489,34
DA:490,26
DA:493,1
DA:494,6
DA:495,6
DA:496,6
DA:498,6
DA:499,1
DA:502,1
DA:503,14
DA:504,14
DA:505,14
DA:507,14
DA:508,5
DA:511,1
DA:512,15
DA:513,15
DA:515,15
DA:516,10
DA:519,1
DA:520,7
DA:521,7
DA:523,7
DA:524,4
DA:527,1
DA:528,3
DA:530,3
DA:531,1
DA:534,1
DA:535,2
DA:537,2
DA:538,2
DA:545,1
DA:546,0
DA:557,0
DA:561,1
DA:564,1
DA:566,1
DA:570,1
DA:571,1
LF:319
LH:317
BRDA:70,0,0,0
BRDA:70,0,1,1
BRDA:72,1,0,1
BRDA:72,1,1,1
BRDA:73,2,0,1
BRDA:73,2,1,1
BRF:6
BRH:5
end_of_record
